# JRE version: Java(TM) SE Runtime Environment (8.0_66-b17) (build 1.8.0_66-b17)
# Java VM: Java HotSpot(TM) Client VM (25.66-b17 mixed mode windows-x86 )
Heap:
 def new generation   total 39424K, used 6554K [0x04e00000, 0x078c0000, 0x0f8a0000)
  eden space 35072K,  18% used [0x04e00000, 0x05464e00, 0x07040000)
  from space 4352K,   0% used [0x07040000, 0x07041cb8, 0x07480000)
  to   space 4352K,   0% used [0x07480000, 0x07480000, 0x078c0000)
 tenured generation   total 87424K, used 48255K [0x0f8a0000, 0x14e00000, 0x24e00000)
   the space 87424K,  55% used [0x0f8a0000, 0x127bfcc8, 0x127bfe00, 0x14e00000)
 Metaspace       used 18528K, capacity 18960K, committed 19072K, reserved 19840K
GC Heap History (10 events):
Event: 49609.376 GC heap before
{Heap before GC invocations=54 (full 1):
 def new generation   total 39424K, used 35074K [0x04e00000, 0x078c0000, 0x0f8a0000)
  eden space 35072K, 100% used [0x04e00000, 0x07040000, 0x07040000)
  from space 4352K,   0% used [0x07480000, 0x07480908, 0x078c0000)
  to   space 4352K,   0% used [0x07040000, 0x07040000, 0x07480000)
 tenured generation   total 87424K, used 48254K [0x0f8a0000, 0x14e00000, 0x24e00000)
   the space 87424K,  55% used [0x0f8a0000, 0x127bfa18, 0x127bfc00, 0x14e00000)
 Metaspace       used 18528K, capacity 18960K, committed 19072K, reserved 19840K
Event: 49609.378 GC heap after
Heap after GC invocations=55 (full 1):
 def new generation   total 39424K, used 2K [0x04e00000, 0x078c0000, 0x0f8a0000)
  eden space 35072K,   0% used [0x04e00000, 0x04e00000, 0x07040000)
  from space 4352K,   0% used [0x07040000, 0x07040890, 0x07480000)
  to   space 4352K,   0% used [0x07480000, 0x07480000, 0x078c0000)
 tenured generation   total 87424K, used 48254K [0x0f8a0000, 0x14e00000, 0x24e00000)
   the space 87424K,  55% used [0x0f8a0000, 0x127bfa18, 0x127bfc00, 0x14e00000)
 Metaspace       used 18528K, capacity 18960K, committed 19072K, reserved 19840K
}
Event: 49799.963 GC heap before
{Heap before GC invocations=55 (full 1):
 def new generation   total 39424K, used 35074K [0x04e00000, 0x078c0000, 0x0f8a0000)
  eden space 35072K, 100% used [0x04e00000, 0x07040000, 0x07040000)
  from space 4352K,   0% used [0x07040000, 0x07040890, 0x07480000)
  to   space 4352K,   0% used [0x07480000, 0x07480000, 0x078c0000)
 tenured generation   total 87424K, used 48254K [0x0f8a0000, 0x14e00000, 0x24e00000)
   the space 87424K,  55% used [0x0f8a0000, 0x127bfa18, 0x127bfc00, 0x14e00000)
 Metaspace       used 18528K, capacity 18960K, committed 19072K, reserved 19840K
Event: 49799.964 GC heap after
Heap after GC invocations=56 (full 1):
 def new generation   total 39424K, used 2K [0x04e00000, 0x078c0000, 0x0f8a0000)
  eden space 35072K,   0% used [0x04e00000, 0x04e00000, 0x07040000)
  from space 4352K,   0% used [0x07480000, 0x074808e0, 0x078c0000)
  to   space 4352K,   0% used [0x07040000, 0x07040000, 0x07480000)
 tenured generation   total 87424K, used 48254K [0x0f8a0000, 0x14e00000, 0x24e00000)
   the space 87424K,  55% used [0x0f8a0000, 0x127bfa18, 0x127bfc00, 0x14e00000)
 Metaspace       used 18528K, capacity 18960K, committed 19072K, reserved 19840K
}
Event: 49990.824 GC heap before
{Heap before GC invocations=56 (full 1):
 def new generation   total 39424K, used 35074K [0x04e00000, 0x078c0000, 0x0f8a0000)
  eden space 35072K, 100% used [0x04e00000, 0x07040000, 0x07040000)
  from space 4352K,   0% used [0x07480000, 0x074808e0, 0x078c0000)
  to   space 4352K,   0% used [0x07040000, 0x07040000, 0x07480000)
 tenured generation   total 87424K, used 48254K [0x0f8a0000, 0x14e00000, 0x24e00000)
   the space 87424K,  55% used [0x0f8a0000, 0x127bfa18, 0x127bfc00, 0x14e00000)
 Metaspace       used 18528K, capacity 18960K, committed 19072K, reserved 19840K
Event: 49990.826 GC heap after
Heap after GC invocations=57 (full 1):
 def new generation   total 39424K, used 2K [0x04e00000, 0x078c0000, 0x0f8a0000)
  eden space 35072K,   0% used [0x04e00000, 0x04e00000, 0x07040000)
  from space 4352K,   0% used [0x07040000, 0x070408f8, 0x07480000)
  to   space 4352K,   0% used [0x07480000, 0x07480000, 0x078c0000)
 tenured generation   total 87424K, used 48254K [0x0f8a0000, 0x14e00000, 0x24e00000)
   the space 87424K,  55% used [0x0f8a0000, 0x127bfa18, 0x127bfc00, 0x14e00000)
 Metaspace       used 18528K, capacity 18960K, committed 19072K, reserved 19840K
}
Event: 50182.100 GC heap before
{Heap before GC invocations=57 (full 1):
 def new generation   total 39424K, used 35074K [0x04e00000, 0x078c0000, 0x0f8a0000)
  eden space 35072K, 100% used [0x04e00000, 0x07040000, 0x07040000)
  from space 4352K,   0% used [0x07040000, 0x070408f8, 0x07480000)
  to   space 4352K,   0% used [0x07480000, 0x07480000, 0x078c0000)
 tenured generation   total 87424K, used 48254K [0x0f8a0000, 0x14e00000, 0x24e00000)
   the space 87424K,  55% used [0x0f8a0000, 0x127bfa18, 0x127bfc00, 0x14e00000)
 Metaspace       used 18528K, capacity 18960K, committed 19072K, reserved 19840K
Event: 50182.101 GC heap after
Heap after GC invocations=58 (full 1):
 def new generation   total 39424K, used 7K [0x04e00000, 0x078c0000, 0x0f8a0000)
  eden space 35072K,   0% used [0x04e00000, 0x04e00000, 0x07040000)
  from space 4352K,   0% used [0x07480000, 0x07481ce0, 0x078c0000)
  to   space 4352K,   0% used [0x07040000, 0x07040000, 0x07480000)
 tenured generation   total 87424K, used 48254K [0x0f8a0000, 0x14e00000, 0x24e00000)
   the space 87424K,  55% used [0x0f8a0000, 0x127bfa18, 0x127bfc00, 0x14e00000)
 Metaspace       used 18528K, capacity 18960K, committed 19072K, reserved 19840K
}
Event: 50658.530 GC heap before
{Heap before GC invocations=58 (full 1):
 def new generation   total 39424K, used 35079K [0x04e00000, 0x078c0000, 0x0f8a0000)
  eden space 35072K, 100% used [0x04e00000, 0x07040000, 0x07040000)
  from space 4352K,   0% used [0x07480000, 0x07481ce0, 0x078c0000)
  to   space 4352K,   0% used [0x07040000, 0x07040000, 0x07480000)
 tenured generation   total 87424K, used 48254K [0x0f8a0000, 0x14e00000, 0x24e00000)
   the space 87424K,  55% used [0x0f8a0000, 0x127bfa18, 0x127bfc00, 0x14e00000)
 Metaspace       used 18528K, capacity 18960K, committed 19072K, reserved 19840K
Event: 50658.532 GC heap after
Heap after GC invocations=59 (full 1):
 def new generation   total 39424K, used 7K [0x04e00000, 0x078c0000, 0x0f8a0000)
  eden space 35072K,   0% used [0x04e00000, 0x04e00000, 0x07040000)
  from space 4352K,   0% used [0x07040000, 0x07041cb8, 0x07480000)
  to   space 4352K,   0% used [0x07480000, 0x07480000, 0x078c0000)
 tenured generation   total 87424K, used 48255K [0x0f8a0000, 0x14e00000, 0x24e00000)
   the space 87424K,  55% used [0x0f8a0000, 0x127bfcc8, 0x127bfe00, 0x14e00000)
 Metaspace       used 18528K, capacity 18960K, committed 19072K, reserved 19840K
}

